!SESSION 2014-03-07 11:47:16.591 -----------------------------------------------
eclipse.buildId=unknown
java.version=1.7.0_25
java.vendor=Oracle Corporation
BootLoader constants: OS=linux, ARCH=x86_64, WS=gtk, NL=en_US

!ENTRY org.eclipse.osgi 4 0 2014-03-07 11:47:16.591
!MESSAGE The -clean (osgi.clean) option was not successful. Unable to clean the storage area: /home/tharindu/WSO2/wso2store-1.1.0/repository/components/default/configuration/org.eclipse.osgi

!ENTRY org.eclipse.osgi 4 0 2014-03-07 11:47:16.609
!MESSAGE Error reading configuration: /home/tharindu/WSO2/wso2store-1.1.0/repository/components/default/configuration/org.eclipse.osgi/.manager/.fileTableLock (Permission denied)
!STACK 0
java.io.FileNotFoundException: /home/tharindu/WSO2/wso2store-1.1.0/repository/components/default/configuration/org.eclipse.osgi/.manager/.fileTableLock (Permission denied)
	at java.io.RandomAccessFile.open(Native Method)
	at java.io.RandomAccessFile.<init>(RandomAccessFile.java:233)
	at org.eclipse.core.runtime.internal.adaptor.Locker_JavaNio.lock(Locker_JavaNio.java:33)
	at org.eclipse.osgi.storagemanager.StorageManager.lock(StorageManager.java:389)
	at org.eclipse.osgi.storagemanager.StorageManager.open(StorageManager.java:702)
	at org.eclipse.osgi.internal.baseadaptor.BaseStorage.initFileManager(BaseStorage.java:220)
	at org.eclipse.osgi.internal.baseadaptor.BaseStorage.initialize(BaseStorage.java:154)
	at org.eclipse.osgi.baseadaptor.BaseAdaptor.initializeStorage(BaseAdaptor.java:123)
	at org.eclipse.osgi.framework.internal.core.Framework.<init>(Framework.java:192)
	at org.eclipse.core.runtime.adaptor.EclipseStarter.startup(EclipseStarter.java:262)
	at sun.reflect.NativeMethodAccessorImpl.invoke0(Native Method)
	at sun.reflect.NativeMethodAccessorImpl.invoke(NativeMethodAccessorImpl.java:57)
	at sun.reflect.DelegatingMethodAccessorImpl.invoke(DelegatingMethodAccessorImpl.java:43)
	at java.lang.reflect.Method.invoke(Method.java:606)
	at org.wso2.carbon.server.CarbonLauncher.launch(CarbonLauncher.java:108)
	at org.wso2.carbon.server.Main.launchCarbon(Main.java:163)
	at org.wso2.carbon.server.Main.main(Main.java:95)
	at sun.reflect.NativeMethodAccessorImpl.invoke0(Native Method)
	at sun.reflect.NativeMethodAccessorImpl.invoke(NativeMethodAccessorImpl.java:57)
	at sun.reflect.DelegatingMethodAccessorImpl.invoke(DelegatingMethodAccessorImpl.java:43)
	at java.lang.reflect.Method.invoke(Method.java:606)
	at org.wso2.carbon.bootstrap.Bootstrap.loadClass(Bootstrap.java:63)
	at org.wso2.carbon.bootstrap.Bootstrap.main(Bootstrap.java:45)
